Start Build
libcholmod_ccolamd.a
libcholmod_change_factor.a
libcholmod_aat.a
libumf_fsize.a
libumf_build_tuples.a
libumf_assemble.a
libumf_analyze.a
libumf_mem_free_tail_block.a
libcolamd.a
libumf_valid_symbolic.a
libcholmod_sparse.a
libumfpack_free_symbolic.a
libumf_kernel.a
libumf_start_front.a
libumf_mem_alloc_element.a
libumf_malloc.a
libumf_store_lu.a
libumf_grow_front.a
libcholmod_etree.a
libcholmod_csymamd.a
libamd_2.a
libcholmod_transpose.a
libumf_colamd.a
libumf_singletons.a
libccolamd.a
libumfpack_timer.a
libumf_get_memory.a
libumf_kernel_wrapup.a
libumf_free.a
libcholmod_super_symbolic.a
libcholmod_amd.a
libumf_scale_column.a
libumf_symbolic_usage.a
libSuiteSparse_config.a
libcholmod_common.a
libcholmod_band.a
libcholmod_copy.a
libumf_cholmod.a
libumf_mem_init_memoryspace.a
libumf_realloc.a
libumfpack_numeric.a
libamd_valid.a
libumf_local_search.a
libumf_blas3_update.a
libumfpack_symbolic.a
libamd_post_tree.a
libamd_aat.a
libumf_transpose.a
libcholmod_postorder.a
libamd_postorder.a
libumf_create_element.a
libcholmod_analyze.a
libumf_apply_order.a
libumf_set_stats.a
libcholmod_factor.a
libumfpack_tictoc.a
libumf_row_search.a
libumf_scale.a
libcholmod_metis.a
libumf_garbage_collection.a
libumf_mem_alloc_tail_block.a
libumfpack_qsymbolic.a
libumf_kernel_init.a
libcamd_postorder.a
libcholmod_memory.a
libcholmod_check.a
libcholmod_rowcolcounts.a
libumf_is_permutation.a
libumf_mem_alloc_head_block.a
libcamd_2.a
libcholmod_nesdis.a
libamd_defaults.a
libcholmod_camd.a
libcholmod_colamd.a
libumf_init_front.a
libumf_extend_front.a
libumfpack_free_numeric.a
libcholmod_metis_wrapper.a
libumf_tuple_lengths.a
libcholmod_error.a
